<?xml version="1.0" encoding="UTF-8"?>
<testng-results ignored="0" total="1" passed="1" failed="0" skipped="0">
  <reporter-output>
  </reporter-output>
  <suite started-at="2024-02-06T23:51:09 IST" name="Surefire suite" finished-at="2024-02-06T23:51:16 IST" duration-ms="6586">
    <groups>
    </groups>
    <test started-at="2024-02-06T23:51:09 IST" name="Surefire test" finished-at="2024-02-06T23:51:16 IST" duration-ms="6586">
      <class name="testClass.GoogleTest">
        <test-method is-config="true" signature="homepage()[pri:0, instance:testClass.GoogleTest@498d318c]" started-at="2024-02-06T23:51:09 IST" name="homepage" finished-at="2024-02-06T23:51:15 IST" duration-ms="6312" status="PASS">
          <reporter-output>
          </reporter-output>
        </test-method> <!-- homepage -->
        <test-method signature="googlesearch()[pri:0, instance:testClass.GoogleTest@498d318c]" started-at="2024-02-06T23:51:15 IST" name="googlesearch" finished-at="2024-02-06T23:51:16 IST" duration-ms="217" status="PASS">
          <reporter-output>
          </reporter-output>
        </test-method> <!-- googlesearch -->
      </class> <!-- testClass.GoogleTest -->
    </test> <!-- Surefire test -->
  </suite> <!-- Surefire suite -->
</testng-results>
