<?xml version="1.0" encoding="UTF-8"?>
<testng-results ignored="0" total="1" passed="1" failed="0" skipped="0">
  <reporter-output>
  </reporter-output>
  <suite started-at="2024-02-06T15:20:14 IST" name="Default suite" finished-at="2024-02-06T15:21:17 IST" duration-ms="62595">
    <groups>
    </groups>
    <test started-at="2024-02-06T15:20:14 IST" name="Default test" finished-at="2024-02-06T15:21:17 IST" duration-ms="62595">
      <class name="testClass.GoogleTest">
        <test-method is-config="true" signature="homepage()[pri:0, instance:testClass.GoogleTest@273444fe]" started-at="2024-02-06T15:20:14 IST" name="homepage" finished-at="2024-02-06T15:21:16 IST" duration-ms="62437" status="PASS">
          <reporter-output>
          </reporter-output>
        </test-method> <!-- homepage -->
        <test-method signature="googlesearch()[pri:0, instance:testClass.GoogleTest@273444fe]" started-at="2024-02-06T15:21:17 IST" name="googlesearch" finished-at="2024-02-06T15:21:17 IST" duration-ms="111" status="PASS">
          <reporter-output>
          </reporter-output>
        </test-method> <!-- googlesearch -->
      </class> <!-- testClass.GoogleTest -->
    </test> <!-- Default test -->
  </suite> <!-- Default suite -->
</testng-results>
